<?xml version="1.0" encoding="utf-8"?><testsuites><testsuite name="pytest" errors="0" failures="0" skipped="0" tests="9" time="6.887" timestamp="2025-09-21T22:36:06.004249" hostname="MacBook-Pro-sergey.local"><testcase classname="test_7z_negative" name="test_step1" time="0.830" /><testcase classname="test_7z_negative" name="test_step2" time="0.051" /><testcase classname="test_7z_positive" name="test_step1" time="0.704" /><testcase classname="test_7z_positive" name="test_step2" time="0.848" /><testcase classname="test_7z_positive" name="test_step3" time="0.755" /><testcase classname="test_7z_positive" name="test_step4" time="0.877" /><testcase classname="test_7z_positive" name="test_step5" time="0.934" /><testcase classname="test_7z_positive" name="test_step6" time="1.113" /><testcase classname="test_7z_positive" name="test_step7" time="0.740" /></testsuite></testsuites>